ARM GAS  C:\Users\HP\AppData\Local\Temp\ccxMkOwq.s 			page 1


   1              		.syntax unified
   2              		.cpu cortex-m3
   3              		.fpu softvfp
   4              		.eabi_attribute 20, 1
   5              		.eabi_attribute 21, 1
   6              		.eabi_attribute 23, 3
   7              		.eabi_attribute 24, 1
   8              		.eabi_attribute 25, 1
   9              		.eabi_attribute 26, 1
  10              		.eabi_attribute 30, 1
  11              		.eabi_attribute 34, 1
  12              		.eabi_attribute 18, 4
  13              		.thumb
  14              		.syntax unified
  15              		.file	"main.c"
  16              		.text
  17              	.Ltext0:
  18              		.cfi_sections	.debug_frame
  19              		.section	.text.interruptUART,"ax",%progbits
  20              		.align	2
  21              		.global	interruptUART
  22              		.thumb
  23              		.thumb_func
  24              		.type	interruptUART, %function
  25              	interruptUART:
  26              	.LFB63:
  27              		.file 1 "main.c"
   1:main.c        **** #include "project.h"
   2:main.c        **** #include <stdbool.h>
   3:main.c        **** bool bandera=0;
   4:main.c        **** unsigned char basico[4]={1,2,4,8};
   5:main.c        **** unsigned char taxi[5]={1,2,4,8,16};
   6:main.c        **** unsigned char cera[6]={1,2,4,8,16,64};
   7:main.c        **** unsigned char motor[5]={1,2,4,8,32};
   8:main.c        **** unsigned char total[7]={1,2,4,8,16,32,64};
   9:main.c        **** unsigned char posicion=0;
  10:main.c        **** bool b_serial=false;
  11:main.c        **** unsigned char caracter=0;
  12:main.c        **** 
  13:main.c        **** CY_ISR(interruptUART)
  14:main.c        **** {
  28              		.loc 1 14 0
  29              		.cfi_startproc
  30              		@ args = 0, pretend = 0, frame = 0
  31              		@ frame_needed = 0, uses_anonymous_args = 0
  32 0000 10B5     		push	{r4, lr}
  33              		.cfi_def_cfa_offset 8
  34              		.cfi_offset 4, -8
  35              		.cfi_offset 14, -4
  15:main.c        ****     caracter=Serial_GetChar();
  36              		.loc 1 15 0
  37 0002 FFF7FEFF 		bl	Serial_GetChar
  38              	.LVL0:
  39 0006 034C     		ldr	r4, .L3
  40 0008 2070     		strb	r0, [r4]
  16:main.c        ****     Serial_PutChar(caracter);
  41              		.loc 1 16 0
ARM GAS  C:\Users\HP\AppData\Local\Temp\ccxMkOwq.s 			page 2


  42 000a FFF7FEFF 		bl	Serial_PutChar
  43              	.LVL1:
  17:main.c        ****     b_serial=true;
  44              		.loc 1 17 0
  45 000e 0123     		movs	r3, #1
  46 0010 6370     		strb	r3, [r4, #1]
  47 0012 10BD     		pop	{r4, pc}
  48              	.L4:
  49              		.align	2
  50              	.L3:
  51 0014 00000000 		.word	.LANCHOR0
  52              		.cfi_endproc
  53              	.LFE63:
  54              		.size	interruptUART, .-interruptUART
  55              		.section	.text.main,"ax",%progbits
  56              		.align	2
  57              		.global	main
  58              		.thumb
  59              		.thumb_func
  60              		.type	main, %function
  61              	main:
  62              	.LFB64:
  18:main.c        **** }
  19:main.c        **** int main(void)
  20:main.c        **** {
  63              		.loc 1 20 0
  64              		.cfi_startproc
  65              		@ Volatile: function does not return.
  66              		@ args = 0, pretend = 0, frame = 0
  67              		@ frame_needed = 0, uses_anonymous_args = 0
  68 0000 08B5     		push	{r3, lr}
  69              		.cfi_def_cfa_offset 8
  70              		.cfi_offset 3, -8
  71              		.cfi_offset 14, -4
  21:main.c        ****     Control_Write(0x00);
  72              		.loc 1 21 0
  73 0002 0020     		movs	r0, #0
  74 0004 FFF7FEFF 		bl	Control_Write
  75              	.LVL2:
  22:main.c        ****     posicion=0;
  76              		.loc 1 22 0
  77 0008 0022     		movs	r2, #0
  78 000a 5C4B     		ldr	r3, .L24
  79 000c 9A70     		strb	r2, [r3, #2]
  23:main.c        ****     CyGlobalIntEnable;
  80              		.loc 1 23 0
  81              		.syntax unified
  82              	@ 23 "main.c" 1
  83 000e 62B6     		CPSIE   i
  84              	@ 0 "" 2
  24:main.c        **** isrUART_StartEx(interruptUART);
  85              		.loc 1 24 0
  86              		.thumb
  87              		.syntax unified
  88 0010 5B48     		ldr	r0, .L24+4
  89 0012 FFF7FEFF 		bl	isrUART_StartEx
  90              	.LVL3:
ARM GAS  C:\Users\HP\AppData\Local\Temp\ccxMkOwq.s 			page 3


  25:main.c        **** Serial_Start();
  91              		.loc 1 25 0
  92 0016 FFF7FEFF 		bl	Serial_Start
  93              	.LVL4:
  94              	.L8:
  26:main.c        **** 
  27:main.c        ****     for(;;)
  28:main.c        ****     {
  29:main.c        ****         if(b_serial)
  95              		.loc 1 29 0
  96 001a 584B     		ldr	r3, .L24
  97 001c 5B78     		ldrb	r3, [r3, #1]	@ zero_extendqisi2
  98 001e 002B     		cmp	r3, #0
  99 0020 FBD0     		beq	.L8
  30:main.c        ****         {
  31:main.c        ****             b_serial=false;
 100              		.loc 1 31 0
 101 0022 564B     		ldr	r3, .L24
 102 0024 0022     		movs	r2, #0
 103 0026 5A70     		strb	r2, [r3, #1]
  32:main.c        ****             switch(caracter)
 104              		.loc 1 32 0
 105 0028 1B78     		ldrb	r3, [r3]	@ zero_extendqisi2
 106 002a 423B     		subs	r3, r3, #66
 107 002c 122B     		cmp	r3, #18
 108 002e F4D8     		bhi	.L8
 109 0030 01A2     		adr	r2, .L10
 110 0032 52F823F0 		ldr	pc, [r2, r3, lsl #2]
 111 0036 00BF     		.p2align 2
 112              	.L10:
 113 0038 9D000000 		.word	.L9+1
 114 003c F9000000 		.word	.L11+1
 115 0040 1B000000 		.word	.L8+1
 116 0044 1B000000 		.word	.L8+1
 117 0048 1B000000 		.word	.L8+1
 118 004c 1B000000 		.word	.L8+1
 119 0050 1B000000 		.word	.L8+1
 120 0054 1B000000 		.word	.L8+1
 121 0058 1B000000 		.word	.L8+1
 122 005c 1B000000 		.word	.L8+1
 123 0060 1B000000 		.word	.L8+1
 124 0064 27010000 		.word	.L12+1
 125 0068 1B000000 		.word	.L8+1
 126 006c 55010000 		.word	.L13+1
 127 0070 73010000 		.word	.L14+1
 128 0074 1B000000 		.word	.L8+1
 129 0078 1B000000 		.word	.L8+1
 130 007c 69010000 		.word	.L15+1
 131 0080 CB000000 		.word	.L16+1
 132              		.p2align 1
 133              	.L17:
  33:main.c        ****             {
  34:main.c        ****                 case 'B':
  35:main.c        ****                 while(posicion!=4){
  36:main.c        ****                 Control_Write(basico[posicion]);
 134              		.loc 1 36 0
 135 0084 3F4A     		ldr	r2, .L24+8
ARM GAS  C:\Users\HP\AppData\Local\Temp\ccxMkOwq.s 			page 4


 136 0086 D05C     		ldrb	r0, [r2, r3]	@ zero_extendqisi2
 137 0088 FFF7FEFF 		bl	Control_Write
 138              	.LVL5:
  37:main.c        ****                 posicion++;
 139              		.loc 1 37 0
 140 008c 3B4A     		ldr	r2, .L24
 141 008e 9378     		ldrb	r3, [r2, #2]	@ zero_extendqisi2
 142 0090 0133     		adds	r3, r3, #1
 143 0092 9370     		strb	r3, [r2, #2]
  38:main.c        ****                 CyDelay(2000);
 144              		.loc 1 38 0
 145 0094 4FF4FA60 		mov	r0, #2000
 146 0098 FFF7FEFF 		bl	CyDelay
 147              	.LVL6:
 148              	.L9:
  35:main.c        ****                 Control_Write(basico[posicion]);
 149              		.loc 1 35 0
 150 009c 374B     		ldr	r3, .L24
 151 009e 9B78     		ldrb	r3, [r3, #2]	@ zero_extendqisi2
 152 00a0 042B     		cmp	r3, #4
 153 00a2 EFD1     		bne	.L17
  39:main.c        ****                 }
  40:main.c        ****                 posicion=0;
 154              		.loc 1 40 0
 155 00a4 0020     		movs	r0, #0
 156 00a6 354B     		ldr	r3, .L24
 157 00a8 9870     		strb	r0, [r3, #2]
  41:main.c        ****                 Control_Write(0);
 158              		.loc 1 41 0
 159 00aa FFF7FEFF 		bl	Control_Write
 160              	.LVL7:
  42:main.c        ****                 break;
 161              		.loc 1 42 0
 162 00ae B4E7     		b	.L8
 163              	.L19:
  43:main.c        ****                 case 'T':
  44:main.c        ****                 while(posicion!=5){
  45:main.c        ****                 Control_Write(taxi[posicion]);
 164              		.loc 1 45 0
 165 00b0 344A     		ldr	r2, .L24+8
 166 00b2 1344     		add	r3, r3, r2
 167 00b4 1879     		ldrb	r0, [r3, #4]	@ zero_extendqisi2
 168 00b6 FFF7FEFF 		bl	Control_Write
 169              	.LVL8:
  46:main.c        ****                 posicion++;
 170              		.loc 1 46 0
 171 00ba 304A     		ldr	r2, .L24
 172 00bc 9378     		ldrb	r3, [r2, #2]	@ zero_extendqisi2
 173 00be 0133     		adds	r3, r3, #1
 174 00c0 9370     		strb	r3, [r2, #2]
  47:main.c        ****                 CyDelay(2000);
 175              		.loc 1 47 0
 176 00c2 4FF4FA60 		mov	r0, #2000
 177 00c6 FFF7FEFF 		bl	CyDelay
 178              	.LVL9:
 179              	.L16:
  44:main.c        ****                 Control_Write(taxi[posicion]);
ARM GAS  C:\Users\HP\AppData\Local\Temp\ccxMkOwq.s 			page 5


 180              		.loc 1 44 0
 181 00ca 2C4B     		ldr	r3, .L24
 182 00cc 9B78     		ldrb	r3, [r3, #2]	@ zero_extendqisi2
 183 00ce 052B     		cmp	r3, #5
 184 00d0 EED1     		bne	.L19
  48:main.c        ****                 }
  49:main.c        ****                 posicion=0;
 185              		.loc 1 49 0
 186 00d2 0020     		movs	r0, #0
 187 00d4 294B     		ldr	r3, .L24
 188 00d6 9870     		strb	r0, [r3, #2]
  50:main.c        ****                 Control_Write(0);
 189              		.loc 1 50 0
 190 00d8 FFF7FEFF 		bl	Control_Write
 191              	.LVL10:
  51:main.c        ****                 break;
 192              		.loc 1 51 0
 193 00dc 9DE7     		b	.L8
 194              	.L20:
  52:main.c        ****                 case 'C':
  53:main.c        ****                 while(posicion!=6){
  54:main.c        ****                 Control_Write(cera[posicion]);
 195              		.loc 1 54 0
 196 00de 294A     		ldr	r2, .L24+8
 197 00e0 1344     		add	r3, r3, r2
 198 00e2 187B     		ldrb	r0, [r3, #12]	@ zero_extendqisi2
 199 00e4 FFF7FEFF 		bl	Control_Write
 200              	.LVL11:
  55:main.c        ****                 posicion++;
 201              		.loc 1 55 0
 202 00e8 244A     		ldr	r2, .L24
 203 00ea 9378     		ldrb	r3, [r2, #2]	@ zero_extendqisi2
 204 00ec 0133     		adds	r3, r3, #1
 205 00ee 9370     		strb	r3, [r2, #2]
  56:main.c        ****                 CyDelay(2000);
 206              		.loc 1 56 0
 207 00f0 4FF4FA60 		mov	r0, #2000
 208 00f4 FFF7FEFF 		bl	CyDelay
 209              	.LVL12:
 210              	.L11:
  53:main.c        ****                 Control_Write(cera[posicion]);
 211              		.loc 1 53 0
 212 00f8 204B     		ldr	r3, .L24
 213 00fa 9B78     		ldrb	r3, [r3, #2]	@ zero_extendqisi2
 214 00fc 062B     		cmp	r3, #6
 215 00fe EED1     		bne	.L20
  57:main.c        ****                 }
  58:main.c        ****                 posicion=0;
 216              		.loc 1 58 0
 217 0100 0020     		movs	r0, #0
 218 0102 1E4B     		ldr	r3, .L24
 219 0104 9870     		strb	r0, [r3, #2]
  59:main.c        ****                 Control_Write(0);
 220              		.loc 1 59 0
 221 0106 FFF7FEFF 		bl	Control_Write
 222              	.LVL13:
  60:main.c        ****                 break;
ARM GAS  C:\Users\HP\AppData\Local\Temp\ccxMkOwq.s 			page 6


 223              		.loc 1 60 0
 224 010a 86E7     		b	.L8
 225              	.L21:
  61:main.c        ****                 case 'M':
  62:main.c        ****                 while(posicion!=5){
  63:main.c        ****                 Control_Write(motor[posicion]);
 226              		.loc 1 63 0
 227 010c 1D4A     		ldr	r2, .L24+8
 228 010e 1344     		add	r3, r3, r2
 229 0110 187D     		ldrb	r0, [r3, #20]	@ zero_extendqisi2
 230 0112 FFF7FEFF 		bl	Control_Write
 231              	.LVL14:
  64:main.c        ****                 posicion++;
 232              		.loc 1 64 0
 233 0116 194A     		ldr	r2, .L24
 234 0118 9378     		ldrb	r3, [r2, #2]	@ zero_extendqisi2
 235 011a 0133     		adds	r3, r3, #1
 236 011c 9370     		strb	r3, [r2, #2]
  65:main.c        ****                 CyDelay(2000);
 237              		.loc 1 65 0
 238 011e 4FF4FA60 		mov	r0, #2000
 239 0122 FFF7FEFF 		bl	CyDelay
 240              	.LVL15:
 241              	.L12:
  62:main.c        ****                 Control_Write(motor[posicion]);
 242              		.loc 1 62 0
 243 0126 154B     		ldr	r3, .L24
 244 0128 9B78     		ldrb	r3, [r3, #2]	@ zero_extendqisi2
 245 012a 052B     		cmp	r3, #5
 246 012c EED1     		bne	.L21
  66:main.c        ****                 }
  67:main.c        ****                 posicion=0;
 247              		.loc 1 67 0
 248 012e 0020     		movs	r0, #0
 249 0130 124B     		ldr	r3, .L24
 250 0132 9870     		strb	r0, [r3, #2]
  68:main.c        ****                 Control_Write(0);
 251              		.loc 1 68 0
 252 0134 FFF7FEFF 		bl	Control_Write
 253              	.LVL16:
  69:main.c        ****                 break;
 254              		.loc 1 69 0
 255 0138 6FE7     		b	.L8
 256              	.L22:
  70:main.c        ****                 case 'O':
  71:main.c        ****                 while(posicion!=7){
  72:main.c        ****                 Control_Write(total[posicion]);
 257              		.loc 1 72 0
 258 013a 124A     		ldr	r2, .L24+8
 259 013c 1344     		add	r3, r3, r2
 260 013e 187F     		ldrb	r0, [r3, #28]	@ zero_extendqisi2
 261 0140 FFF7FEFF 		bl	Control_Write
 262              	.LVL17:
  73:main.c        ****                 posicion++;
 263              		.loc 1 73 0
 264 0144 0D4A     		ldr	r2, .L24
 265 0146 9378     		ldrb	r3, [r2, #2]	@ zero_extendqisi2
ARM GAS  C:\Users\HP\AppData\Local\Temp\ccxMkOwq.s 			page 7


 266 0148 0133     		adds	r3, r3, #1
 267 014a 9370     		strb	r3, [r2, #2]
  74:main.c        ****                 CyDelay(2000);
 268              		.loc 1 74 0
 269 014c 4FF4FA60 		mov	r0, #2000
 270 0150 FFF7FEFF 		bl	CyDelay
 271              	.LVL18:
 272              	.L13:
  71:main.c        ****                 Control_Write(total[posicion]);
 273              		.loc 1 71 0
 274 0154 094B     		ldr	r3, .L24
 275 0156 9B78     		ldrb	r3, [r3, #2]	@ zero_extendqisi2
 276 0158 072B     		cmp	r3, #7
 277 015a EED1     		bne	.L22
  75:main.c        ****                 }
  76:main.c        ****                 posicion=0;
 278              		.loc 1 76 0
 279 015c 0020     		movs	r0, #0
 280 015e 074B     		ldr	r3, .L24
 281 0160 9870     		strb	r0, [r3, #2]
  77:main.c        ****                 Control_Write(0);
 282              		.loc 1 77 0
 283 0162 FFF7FEFF 		bl	Control_Write
 284              	.LVL19:
  78:main.c        ****                 break;
 285              		.loc 1 78 0
 286 0166 58E7     		b	.L8
 287              	.L15:
  79:main.c        ****                 case 'S':
  80:main.c        ****                 Control_Write(posicion);
 288              		.loc 1 80 0
 289 0168 044B     		ldr	r3, .L24
 290 016a 9878     		ldrb	r0, [r3, #2]	@ zero_extendqisi2
 291 016c FFF7FEFF 		bl	Control_Write
 292              	.LVL20:
  81:main.c        ****                 break;
 293              		.loc 1 81 0
 294 0170 53E7     		b	.L8
 295              	.L14:
  82:main.c        ****                 case 'P':
  83:main.c        ****                 Control_Write(0x00);
 296              		.loc 1 83 0
 297 0172 0020     		movs	r0, #0
 298 0174 FFF7FEFF 		bl	Control_Write
 299              	.LVL21:
  84:main.c        ****                 break;
 300              		.loc 1 84 0
 301 0178 4FE7     		b	.L8
 302              	.L25:
 303 017a 00BF     		.align	2
 304              	.L24:
 305 017c 00000000 		.word	.LANCHOR0
 306 0180 00000000 		.word	interruptUART
 307 0184 00000000 		.word	.LANCHOR1
 308              		.cfi_endproc
 309              	.LFE64:
 310              		.size	main, .-main
ARM GAS  C:\Users\HP\AppData\Local\Temp\ccxMkOwq.s 			page 8


 311              		.global	caracter
 312              		.global	b_serial
 313              		.global	posicion
 314              		.global	total
 315              		.global	motor
 316              		.global	cera
 317              		.global	taxi
 318              		.global	basico
 319              		.global	bandera
 320              		.data
 321              		.align	2
 322              		.set	.LANCHOR1,. + 0
 323              		.type	basico, %object
 324              		.size	basico, 4
 325              	basico:
 326 0000 01       		.byte	1
 327 0001 02       		.byte	2
 328 0002 04       		.byte	4
 329 0003 08       		.byte	8
 330              		.type	taxi, %object
 331              		.size	taxi, 5
 332              	taxi:
 333 0004 01       		.byte	1
 334 0005 02       		.byte	2
 335 0006 04       		.byte	4
 336 0007 08       		.byte	8
 337 0008 10       		.byte	16
 338 0009 000000   		.space	3
 339              		.type	cera, %object
 340              		.size	cera, 6
 341              	cera:
 342 000c 01       		.byte	1
 343 000d 02       		.byte	2
 344 000e 04       		.byte	4
 345 000f 08       		.byte	8
 346 0010 10       		.byte	16
 347 0011 40       		.byte	64
 348 0012 0000     		.space	2
 349              		.type	motor, %object
 350              		.size	motor, 5
 351              	motor:
 352 0014 01       		.byte	1
 353 0015 02       		.byte	2
 354 0016 04       		.byte	4
 355 0017 08       		.byte	8
 356 0018 20       		.byte	32
 357 0019 000000   		.space	3
 358              		.type	total, %object
 359              		.size	total, 7
 360              	total:
 361 001c 01       		.byte	1
 362 001d 02       		.byte	2
 363 001e 04       		.byte	4
 364 001f 08       		.byte	8
 365 0020 10       		.byte	16
 366 0021 20       		.byte	32
 367 0022 40       		.byte	64
ARM GAS  C:\Users\HP\AppData\Local\Temp\ccxMkOwq.s 			page 9


 368              		.bss
 369              		.set	.LANCHOR0,. + 0
 370              		.type	caracter, %object
 371              		.size	caracter, 1
 372              	caracter:
 373 0000 00       		.space	1
 374              		.type	b_serial, %object
 375              		.size	b_serial, 1
 376              	b_serial:
 377 0001 00       		.space	1
 378              		.type	posicion, %object
 379              		.size	posicion, 1
 380              	posicion:
 381 0002 00       		.space	1
 382              		.type	bandera, %object
 383              		.size	bandera, 1
 384              	bandera:
 385 0003 00       		.space	1
 386              		.text
 387              	.Letext0:
 388              		.file 2 "c:\\program files (x86)\\cypress\\psoc creator\\4.4\\psoc creator\\import\\gnu\\arm\\5.4.
 389              		.file 3 "c:\\program files (x86)\\cypress\\psoc creator\\4.4\\psoc creator\\import\\gnu\\arm\\5.4.
 390              		.file 4 "Generated_Source\\PSoC5/core_cm3.h"
 391              		.file 5 "Generated_Source\\PSoC5/Serial.h"
 392              		.file 6 "Generated_Source\\PSoC5/Control.h"
 393              		.file 7 "Generated_Source\\PSoC5/isrUART.h"
 394              		.file 8 "Generated_Source\\PSoC5/CyLib.h"
 395              		.section	.debug_info,"",%progbits
 396              	.Ldebug_info0:
 397 0000 56030000 		.4byte	0x356
 398 0004 0400     		.2byte	0x4
 399 0006 00000000 		.4byte	.Ldebug_abbrev0
 400 000a 04       		.byte	0x4
 401 000b 01       		.uleb128 0x1
 402 000c 86000000 		.4byte	.LASF33
 403 0010 0C       		.byte	0xc
 404 0011 1E020000 		.4byte	.LASF34
 405 0015 68010000 		.4byte	.LASF35
 406 0019 00000000 		.4byte	.Ldebug_ranges0+0
 407 001d 00000000 		.4byte	0
 408 0021 00000000 		.4byte	.Ldebug_line0
 409 0025 02       		.uleb128 0x2
 410 0026 01       		.byte	0x1
 411 0027 06       		.byte	0x6
 412 0028 E9010000 		.4byte	.LASF0
 413 002c 02       		.uleb128 0x2
 414 002d 01       		.byte	0x1
 415 002e 08       		.byte	0x8
 416 002f 78000000 		.4byte	.LASF1
 417 0033 02       		.uleb128 0x2
 418 0034 02       		.byte	0x2
 419 0035 05       		.byte	0x5
 420 0036 2A020000 		.4byte	.LASF2
 421 003a 02       		.uleb128 0x2
 422 003b 02       		.byte	0x2
 423 003c 07       		.byte	0x7
 424 003d 26010000 		.4byte	.LASF3
ARM GAS  C:\Users\HP\AppData\Local\Temp\ccxMkOwq.s 			page 10


 425 0041 03       		.uleb128 0x3
 426 0042 35000000 		.4byte	.LASF9
 427 0046 02       		.byte	0x2
 428 0047 3F       		.byte	0x3f
 429 0048 4C000000 		.4byte	0x4c
 430 004c 02       		.uleb128 0x2
 431 004d 04       		.byte	0x4
 432 004e 05       		.byte	0x5
 433 004f 3A020000 		.4byte	.LASF4
 434 0053 02       		.uleb128 0x2
 435 0054 04       		.byte	0x4
 436 0055 07       		.byte	0x7
 437 0056 14010000 		.4byte	.LASF5
 438 005a 02       		.uleb128 0x2
 439 005b 08       		.byte	0x8
 440 005c 05       		.byte	0x5
 441 005d 00000000 		.4byte	.LASF6
 442 0061 02       		.uleb128 0x2
 443 0062 08       		.byte	0x8
 444 0063 07       		.byte	0x7
 445 0064 D2010000 		.4byte	.LASF7
 446 0068 04       		.uleb128 0x4
 447 0069 04       		.byte	0x4
 448 006a 05       		.byte	0x5
 449 006b 696E7400 		.ascii	"int\000"
 450 006f 02       		.uleb128 0x2
 451 0070 04       		.byte	0x4
 452 0071 07       		.byte	0x7
 453 0072 C5010000 		.4byte	.LASF8
 454 0076 03       		.uleb128 0x3
 455 0077 5B000000 		.4byte	.LASF10
 456 007b 03       		.byte	0x3
 457 007c 2C       		.byte	0x2c
 458 007d 41000000 		.4byte	0x41
 459 0081 02       		.uleb128 0x2
 460 0082 04       		.byte	0x4
 461 0083 04       		.byte	0x4
 462 0084 63000000 		.4byte	.LASF11
 463 0088 02       		.uleb128 0x2
 464 0089 08       		.byte	0x8
 465 008a 04       		.byte	0x4
 466 008b 53010000 		.4byte	.LASF12
 467 008f 02       		.uleb128 0x2
 468 0090 01       		.byte	0x1
 469 0091 08       		.byte	0x8
 470 0092 25020000 		.4byte	.LASF13
 471 0096 02       		.uleb128 0x2
 472 0097 08       		.byte	0x8
 473 0098 04       		.byte	0x4
 474 0099 43020000 		.4byte	.LASF14
 475 009d 05       		.uleb128 0x5
 476 009e 2C000000 		.4byte	0x2c
 477 00a2 AD000000 		.4byte	0xad
 478 00a6 06       		.uleb128 0x6
 479 00a7 AD000000 		.4byte	0xad
 480 00ab 03       		.byte	0x3
 481 00ac 00       		.byte	0
ARM GAS  C:\Users\HP\AppData\Local\Temp\ccxMkOwq.s 			page 11


 482 00ad 02       		.uleb128 0x2
 483 00ae 04       		.byte	0x4
 484 00af 07       		.byte	0x7
 485 00b0 0A020000 		.4byte	.LASF15
 486 00b4 07       		.uleb128 0x7
 487 00b5 17000000 		.4byte	.LASF36
 488 00b9 01       		.byte	0x1
 489 00ba 0D       		.byte	0xd
 490 00bb 00000000 		.4byte	.LFB63
 491 00bf 18000000 		.4byte	.LFE63-.LFB63
 492 00c3 01       		.uleb128 0x1
 493 00c4 9C       		.byte	0x9c
 494 00c5 DC000000 		.4byte	0xdc
 495 00c9 08       		.uleb128 0x8
 496 00ca 06000000 		.4byte	.LVL0
 497 00ce 17030000 		.4byte	0x317
 498 00d2 08       		.uleb128 0x8
 499 00d3 0E000000 		.4byte	.LVL1
 500 00d7 22030000 		.4byte	0x322
 501 00db 00       		.byte	0
 502 00dc 09       		.uleb128 0x9
 503 00dd 63010000 		.4byte	.LASF37
 504 00e1 01       		.byte	0x1
 505 00e2 13       		.byte	0x13
 506 00e3 68000000 		.4byte	0x68
 507 00e7 00000000 		.4byte	.LFB64
 508 00eb 88010000 		.4byte	.LFE64-.LFB64
 509 00ef 01       		.uleb128 0x1
 510 00f0 9C       		.byte	0x9c
 511 00f1 36020000 		.4byte	0x236
 512 00f5 0A       		.uleb128 0xa
 513 00f6 08000000 		.4byte	.LVL2
 514 00fa 2D030000 		.4byte	0x32d
 515 00fe 08010000 		.4byte	0x108
 516 0102 0B       		.uleb128 0xb
 517 0103 01       		.uleb128 0x1
 518 0104 50       		.byte	0x50
 519 0105 01       		.uleb128 0x1
 520 0106 30       		.byte	0x30
 521 0107 00       		.byte	0
 522 0108 0A       		.uleb128 0xa
 523 0109 16000000 		.4byte	.LVL3
 524 010d 38030000 		.4byte	0x338
 525 0111 1F010000 		.4byte	0x11f
 526 0115 0B       		.uleb128 0xb
 527 0116 01       		.uleb128 0x1
 528 0117 50       		.byte	0x50
 529 0118 05       		.uleb128 0x5
 530 0119 03       		.byte	0x3
 531 011a 00000000 		.4byte	interruptUART
 532 011e 00       		.byte	0
 533 011f 08       		.uleb128 0x8
 534 0120 1A000000 		.4byte	.LVL4
 535 0124 43030000 		.4byte	0x343
 536 0128 08       		.uleb128 0x8
 537 0129 8C000000 		.4byte	.LVL5
 538 012d 2D030000 		.4byte	0x32d
ARM GAS  C:\Users\HP\AppData\Local\Temp\ccxMkOwq.s 			page 12


 539 0131 0A       		.uleb128 0xa
 540 0132 9C000000 		.4byte	.LVL6
 541 0136 4E030000 		.4byte	0x34e
 542 013a 46010000 		.4byte	0x146
 543 013e 0B       		.uleb128 0xb
 544 013f 01       		.uleb128 0x1
 545 0140 50       		.byte	0x50
 546 0141 03       		.uleb128 0x3
 547 0142 0A       		.byte	0xa
 548 0143 D007     		.2byte	0x7d0
 549 0145 00       		.byte	0
 550 0146 0A       		.uleb128 0xa
 551 0147 AE000000 		.4byte	.LVL7
 552 014b 2D030000 		.4byte	0x32d
 553 014f 59010000 		.4byte	0x159
 554 0153 0B       		.uleb128 0xb
 555 0154 01       		.uleb128 0x1
 556 0155 50       		.byte	0x50
 557 0156 01       		.uleb128 0x1
 558 0157 30       		.byte	0x30
 559 0158 00       		.byte	0
 560 0159 08       		.uleb128 0x8
 561 015a BA000000 		.4byte	.LVL8
 562 015e 2D030000 		.4byte	0x32d
 563 0162 0A       		.uleb128 0xa
 564 0163 CA000000 		.4byte	.LVL9
 565 0167 4E030000 		.4byte	0x34e
 566 016b 77010000 		.4byte	0x177
 567 016f 0B       		.uleb128 0xb
 568 0170 01       		.uleb128 0x1
 569 0171 50       		.byte	0x50
 570 0172 03       		.uleb128 0x3
 571 0173 0A       		.byte	0xa
 572 0174 D007     		.2byte	0x7d0
 573 0176 00       		.byte	0
 574 0177 0A       		.uleb128 0xa
 575 0178 DC000000 		.4byte	.LVL10
 576 017c 2D030000 		.4byte	0x32d
 577 0180 8A010000 		.4byte	0x18a
 578 0184 0B       		.uleb128 0xb
 579 0185 01       		.uleb128 0x1
 580 0186 50       		.byte	0x50
 581 0187 01       		.uleb128 0x1
 582 0188 30       		.byte	0x30
 583 0189 00       		.byte	0
 584 018a 08       		.uleb128 0x8
 585 018b E8000000 		.4byte	.LVL11
 586 018f 2D030000 		.4byte	0x32d
 587 0193 0A       		.uleb128 0xa
 588 0194 F8000000 		.4byte	.LVL12
 589 0198 4E030000 		.4byte	0x34e
 590 019c A8010000 		.4byte	0x1a8
 591 01a0 0B       		.uleb128 0xb
 592 01a1 01       		.uleb128 0x1
 593 01a2 50       		.byte	0x50
 594 01a3 03       		.uleb128 0x3
 595 01a4 0A       		.byte	0xa
ARM GAS  C:\Users\HP\AppData\Local\Temp\ccxMkOwq.s 			page 13


 596 01a5 D007     		.2byte	0x7d0
 597 01a7 00       		.byte	0
 598 01a8 0A       		.uleb128 0xa
 599 01a9 0A010000 		.4byte	.LVL13
 600 01ad 2D030000 		.4byte	0x32d
 601 01b1 BB010000 		.4byte	0x1bb
 602 01b5 0B       		.uleb128 0xb
 603 01b6 01       		.uleb128 0x1
 604 01b7 50       		.byte	0x50
 605 01b8 01       		.uleb128 0x1
 606 01b9 30       		.byte	0x30
 607 01ba 00       		.byte	0
 608 01bb 08       		.uleb128 0x8
 609 01bc 16010000 		.4byte	.LVL14
 610 01c0 2D030000 		.4byte	0x32d
 611 01c4 0A       		.uleb128 0xa
 612 01c5 26010000 		.4byte	.LVL15
 613 01c9 4E030000 		.4byte	0x34e
 614 01cd D9010000 		.4byte	0x1d9
 615 01d1 0B       		.uleb128 0xb
 616 01d2 01       		.uleb128 0x1
 617 01d3 50       		.byte	0x50
 618 01d4 03       		.uleb128 0x3
 619 01d5 0A       		.byte	0xa
 620 01d6 D007     		.2byte	0x7d0
 621 01d8 00       		.byte	0
 622 01d9 0A       		.uleb128 0xa
 623 01da 38010000 		.4byte	.LVL16
 624 01de 2D030000 		.4byte	0x32d
 625 01e2 EC010000 		.4byte	0x1ec
 626 01e6 0B       		.uleb128 0xb
 627 01e7 01       		.uleb128 0x1
 628 01e8 50       		.byte	0x50
 629 01e9 01       		.uleb128 0x1
 630 01ea 30       		.byte	0x30
 631 01eb 00       		.byte	0
 632 01ec 08       		.uleb128 0x8
 633 01ed 44010000 		.4byte	.LVL17
 634 01f1 2D030000 		.4byte	0x32d
 635 01f5 0A       		.uleb128 0xa
 636 01f6 54010000 		.4byte	.LVL18
 637 01fa 4E030000 		.4byte	0x34e
 638 01fe 0A020000 		.4byte	0x20a
 639 0202 0B       		.uleb128 0xb
 640 0203 01       		.uleb128 0x1
 641 0204 50       		.byte	0x50
 642 0205 03       		.uleb128 0x3
 643 0206 0A       		.byte	0xa
 644 0207 D007     		.2byte	0x7d0
 645 0209 00       		.byte	0
 646 020a 0A       		.uleb128 0xa
 647 020b 66010000 		.4byte	.LVL19
 648 020f 2D030000 		.4byte	0x32d
 649 0213 1D020000 		.4byte	0x21d
 650 0217 0B       		.uleb128 0xb
 651 0218 01       		.uleb128 0x1
 652 0219 50       		.byte	0x50
ARM GAS  C:\Users\HP\AppData\Local\Temp\ccxMkOwq.s 			page 14


 653 021a 01       		.uleb128 0x1
 654 021b 30       		.byte	0x30
 655 021c 00       		.byte	0
 656 021d 08       		.uleb128 0x8
 657 021e 70010000 		.4byte	.LVL20
 658 0222 2D030000 		.4byte	0x32d
 659 0226 0C       		.uleb128 0xc
 660 0227 78010000 		.4byte	.LVL21
 661 022b 2D030000 		.4byte	0x32d
 662 022f 0B       		.uleb128 0xb
 663 0230 01       		.uleb128 0x1
 664 0231 50       		.byte	0x50
 665 0232 01       		.uleb128 0x1
 666 0233 30       		.byte	0x30
 667 0234 00       		.byte	0
 668 0235 00       		.byte	0
 669 0236 0D       		.uleb128 0xd
 670 0237 3E010000 		.4byte	.LASF16
 671 023b 04       		.byte	0x4
 672 023c 1207     		.2byte	0x712
 673 023e 42020000 		.4byte	0x242
 674 0242 0E       		.uleb128 0xe
 675 0243 76000000 		.4byte	0x76
 676 0247 0F       		.uleb128 0xf
 677 0248 4B010000 		.4byte	.LASF17
 678 024c 01       		.byte	0x1
 679 024d 03       		.byte	0x3
 680 024e 58020000 		.4byte	0x258
 681 0252 05       		.uleb128 0x5
 682 0253 03       		.byte	0x3
 683 0254 00000000 		.4byte	bandera
 684 0258 02       		.uleb128 0x2
 685 0259 01       		.byte	0x1
 686 025a 02       		.byte	0x2
 687 025b 58020000 		.4byte	.LASF18
 688 025f 0F       		.uleb128 0xf
 689 0260 F5010000 		.4byte	.LASF19
 690 0264 01       		.byte	0x1
 691 0265 04       		.byte	0x4
 692 0266 9D000000 		.4byte	0x9d
 693 026a 05       		.uleb128 0x5
 694 026b 03       		.byte	0x3
 695 026c 00000000 		.4byte	basico
 696 0270 05       		.uleb128 0x5
 697 0271 2C000000 		.4byte	0x2c
 698 0275 80020000 		.4byte	0x280
 699 0279 06       		.uleb128 0x6
 700 027a AD000000 		.4byte	0xad
 701 027e 04       		.byte	0x4
 702 027f 00       		.byte	0
 703 0280 0F       		.uleb128 0xf
 704 0281 19020000 		.4byte	.LASF20
 705 0285 01       		.byte	0x1
 706 0286 05       		.byte	0x5
 707 0287 70020000 		.4byte	0x270
 708 028b 05       		.uleb128 0x5
 709 028c 03       		.byte	0x3
ARM GAS  C:\Users\HP\AppData\Local\Temp\ccxMkOwq.s 			page 15


 710 028d 00000000 		.4byte	taxi
 711 0291 05       		.uleb128 0x5
 712 0292 2C000000 		.4byte	0x2c
 713 0296 A1020000 		.4byte	0x2a1
 714 029a 06       		.uleb128 0x6
 715 029b AD000000 		.4byte	0xad
 716 029f 05       		.byte	0x5
 717 02a0 00       		.byte	0
 718 02a1 0F       		.uleb128 0xf
 719 02a2 39010000 		.4byte	.LASF21
 720 02a6 01       		.byte	0x1
 721 02a7 06       		.byte	0x6
 722 02a8 91020000 		.4byte	0x291
 723 02ac 05       		.uleb128 0x5
 724 02ad 03       		.byte	0x3
 725 02ae 00000000 		.4byte	cera
 726 02b2 0F       		.uleb128 0xf
 727 02b3 13020000 		.4byte	.LASF22
 728 02b7 01       		.byte	0x1
 729 02b8 07       		.byte	0x7
 730 02b9 70020000 		.4byte	0x270
 731 02bd 05       		.uleb128 0x5
 732 02be 03       		.byte	0x3
 733 02bf 00000000 		.4byte	motor
 734 02c3 05       		.uleb128 0x5
 735 02c4 2C000000 		.4byte	0x2c
 736 02c8 D3020000 		.4byte	0x2d3
 737 02cc 06       		.uleb128 0x6
 738 02cd AD000000 		.4byte	0xad
 739 02d1 06       		.byte	0x6
 740 02d2 00       		.byte	0
 741 02d3 0F       		.uleb128 0xf
 742 02d4 34020000 		.4byte	.LASF23
 743 02d8 01       		.byte	0x1
 744 02d9 08       		.byte	0x8
 745 02da C3020000 		.4byte	0x2c3
 746 02de 05       		.uleb128 0x5
 747 02df 03       		.byte	0x3
 748 02e0 00000000 		.4byte	total
 749 02e4 0F       		.uleb128 0xf
 750 02e5 4F020000 		.4byte	.LASF24
 751 02e9 01       		.byte	0x1
 752 02ea 09       		.byte	0x9
 753 02eb 2C000000 		.4byte	0x2c
 754 02ef 05       		.uleb128 0x5
 755 02f0 03       		.byte	0x3
 756 02f1 00000000 		.4byte	posicion
 757 02f5 0F       		.uleb128 0xf
 758 02f6 0E000000 		.4byte	.LASF25
 759 02fa 01       		.byte	0x1
 760 02fb 0A       		.byte	0xa
 761 02fc 58020000 		.4byte	0x258
 762 0300 05       		.uleb128 0x5
 763 0301 03       		.byte	0x3
 764 0302 00000000 		.4byte	b_serial
 765 0306 0F       		.uleb128 0xf
 766 0307 5A010000 		.4byte	.LASF26
ARM GAS  C:\Users\HP\AppData\Local\Temp\ccxMkOwq.s 			page 16


 767 030b 01       		.byte	0x1
 768 030c 0B       		.byte	0xb
 769 030d 2C000000 		.4byte	0x2c
 770 0311 05       		.uleb128 0x5
 771 0312 03       		.byte	0x3
 772 0313 00000000 		.4byte	caracter
 773 0317 10       		.uleb128 0x10
 774 0318 69000000 		.4byte	.LASF27
 775 031c 69000000 		.4byte	.LASF27
 776 0320 05       		.byte	0x5
 777 0321 71       		.byte	0x71
 778 0322 10       		.uleb128 0x10
 779 0323 3F000000 		.4byte	.LASF28
 780 0327 3F000000 		.4byte	.LASF28
 781 032b 05       		.byte	0x5
 782 032c 8A       		.byte	0x8a
 783 032d 10       		.uleb128 0x10
 784 032e FC010000 		.4byte	.LASF29
 785 0332 FC010000 		.4byte	.LASF29
 786 0336 06       		.byte	0x6
 787 0337 2F       		.byte	0x2f
 788 0338 10       		.uleb128 0x10
 789 0339 25000000 		.4byte	.LASF30
 790 033d 25000000 		.4byte	.LASF30
 791 0341 07       		.byte	0x7
 792 0342 18       		.byte	0x18
 793 0343 10       		.uleb128 0x10
 794 0344 4E000000 		.4byte	.LASF31
 795 0348 4E000000 		.4byte	.LASF31
 796 034c 05       		.byte	0x5
 797 034d 54       		.byte	0x54
 798 034e 10       		.uleb128 0x10
 799 034f 5E020000 		.4byte	.LASF32
 800 0353 5E020000 		.4byte	.LASF32
 801 0357 08       		.byte	0x8
 802 0358 76       		.byte	0x76
 803 0359 00       		.byte	0
 804              		.section	.debug_abbrev,"",%progbits
 805              	.Ldebug_abbrev0:
 806 0000 01       		.uleb128 0x1
 807 0001 11       		.uleb128 0x11
 808 0002 01       		.byte	0x1
 809 0003 25       		.uleb128 0x25
 810 0004 0E       		.uleb128 0xe
 811 0005 13       		.uleb128 0x13
 812 0006 0B       		.uleb128 0xb
 813 0007 03       		.uleb128 0x3
 814 0008 0E       		.uleb128 0xe
 815 0009 1B       		.uleb128 0x1b
 816 000a 0E       		.uleb128 0xe
 817 000b 55       		.uleb128 0x55
 818 000c 17       		.uleb128 0x17
 819 000d 11       		.uleb128 0x11
 820 000e 01       		.uleb128 0x1
 821 000f 10       		.uleb128 0x10
 822 0010 17       		.uleb128 0x17
 823 0011 00       		.byte	0
ARM GAS  C:\Users\HP\AppData\Local\Temp\ccxMkOwq.s 			page 17


 824 0012 00       		.byte	0
 825 0013 02       		.uleb128 0x2
 826 0014 24       		.uleb128 0x24
 827 0015 00       		.byte	0
 828 0016 0B       		.uleb128 0xb
 829 0017 0B       		.uleb128 0xb
 830 0018 3E       		.uleb128 0x3e
 831 0019 0B       		.uleb128 0xb
 832 001a 03       		.uleb128 0x3
 833 001b 0E       		.uleb128 0xe
 834 001c 00       		.byte	0
 835 001d 00       		.byte	0
 836 001e 03       		.uleb128 0x3
 837 001f 16       		.uleb128 0x16
 838 0020 00       		.byte	0
 839 0021 03       		.uleb128 0x3
 840 0022 0E       		.uleb128 0xe
 841 0023 3A       		.uleb128 0x3a
 842 0024 0B       		.uleb128 0xb
 843 0025 3B       		.uleb128 0x3b
 844 0026 0B       		.uleb128 0xb
 845 0027 49       		.uleb128 0x49
 846 0028 13       		.uleb128 0x13
 847 0029 00       		.byte	0
 848 002a 00       		.byte	0
 849 002b 04       		.uleb128 0x4
 850 002c 24       		.uleb128 0x24
 851 002d 00       		.byte	0
 852 002e 0B       		.uleb128 0xb
 853 002f 0B       		.uleb128 0xb
 854 0030 3E       		.uleb128 0x3e
 855 0031 0B       		.uleb128 0xb
 856 0032 03       		.uleb128 0x3
 857 0033 08       		.uleb128 0x8
 858 0034 00       		.byte	0
 859 0035 00       		.byte	0
 860 0036 05       		.uleb128 0x5
 861 0037 01       		.uleb128 0x1
 862 0038 01       		.byte	0x1
 863 0039 49       		.uleb128 0x49
 864 003a 13       		.uleb128 0x13
 865 003b 01       		.uleb128 0x1
 866 003c 13       		.uleb128 0x13
 867 003d 00       		.byte	0
 868 003e 00       		.byte	0
 869 003f 06       		.uleb128 0x6
 870 0040 21       		.uleb128 0x21
 871 0041 00       		.byte	0
 872 0042 49       		.uleb128 0x49
 873 0043 13       		.uleb128 0x13
 874 0044 2F       		.uleb128 0x2f
 875 0045 0B       		.uleb128 0xb
 876 0046 00       		.byte	0
 877 0047 00       		.byte	0
 878 0048 07       		.uleb128 0x7
 879 0049 2E       		.uleb128 0x2e
 880 004a 01       		.byte	0x1
ARM GAS  C:\Users\HP\AppData\Local\Temp\ccxMkOwq.s 			page 18


 881 004b 3F       		.uleb128 0x3f
 882 004c 19       		.uleb128 0x19
 883 004d 03       		.uleb128 0x3
 884 004e 0E       		.uleb128 0xe
 885 004f 3A       		.uleb128 0x3a
 886 0050 0B       		.uleb128 0xb
 887 0051 3B       		.uleb128 0x3b
 888 0052 0B       		.uleb128 0xb
 889 0053 27       		.uleb128 0x27
 890 0054 19       		.uleb128 0x19
 891 0055 11       		.uleb128 0x11
 892 0056 01       		.uleb128 0x1
 893 0057 12       		.uleb128 0x12
 894 0058 06       		.uleb128 0x6
 895 0059 40       		.uleb128 0x40
 896 005a 18       		.uleb128 0x18
 897 005b 9742     		.uleb128 0x2117
 898 005d 19       		.uleb128 0x19
 899 005e 01       		.uleb128 0x1
 900 005f 13       		.uleb128 0x13
 901 0060 00       		.byte	0
 902 0061 00       		.byte	0
 903 0062 08       		.uleb128 0x8
 904 0063 898201   		.uleb128 0x4109
 905 0066 00       		.byte	0
 906 0067 11       		.uleb128 0x11
 907 0068 01       		.uleb128 0x1
 908 0069 31       		.uleb128 0x31
 909 006a 13       		.uleb128 0x13
 910 006b 00       		.byte	0
 911 006c 00       		.byte	0
 912 006d 09       		.uleb128 0x9
 913 006e 2E       		.uleb128 0x2e
 914 006f 01       		.byte	0x1
 915 0070 3F       		.uleb128 0x3f
 916 0071 19       		.uleb128 0x19
 917 0072 03       		.uleb128 0x3
 918 0073 0E       		.uleb128 0xe
 919 0074 3A       		.uleb128 0x3a
 920 0075 0B       		.uleb128 0xb
 921 0076 3B       		.uleb128 0x3b
 922 0077 0B       		.uleb128 0xb
 923 0078 27       		.uleb128 0x27
 924 0079 19       		.uleb128 0x19
 925 007a 49       		.uleb128 0x49
 926 007b 13       		.uleb128 0x13
 927 007c 8701     		.uleb128 0x87
 928 007e 19       		.uleb128 0x19
 929 007f 11       		.uleb128 0x11
 930 0080 01       		.uleb128 0x1
 931 0081 12       		.uleb128 0x12
 932 0082 06       		.uleb128 0x6
 933 0083 40       		.uleb128 0x40
 934 0084 18       		.uleb128 0x18
 935 0085 9742     		.uleb128 0x2117
 936 0087 19       		.uleb128 0x19
 937 0088 01       		.uleb128 0x1
ARM GAS  C:\Users\HP\AppData\Local\Temp\ccxMkOwq.s 			page 19


 938 0089 13       		.uleb128 0x13
 939 008a 00       		.byte	0
 940 008b 00       		.byte	0
 941 008c 0A       		.uleb128 0xa
 942 008d 898201   		.uleb128 0x4109
 943 0090 01       		.byte	0x1
 944 0091 11       		.uleb128 0x11
 945 0092 01       		.uleb128 0x1
 946 0093 31       		.uleb128 0x31
 947 0094 13       		.uleb128 0x13
 948 0095 01       		.uleb128 0x1
 949 0096 13       		.uleb128 0x13
 950 0097 00       		.byte	0
 951 0098 00       		.byte	0
 952 0099 0B       		.uleb128 0xb
 953 009a 8A8201   		.uleb128 0x410a
 954 009d 00       		.byte	0
 955 009e 02       		.uleb128 0x2
 956 009f 18       		.uleb128 0x18
 957 00a0 9142     		.uleb128 0x2111
 958 00a2 18       		.uleb128 0x18
 959 00a3 00       		.byte	0
 960 00a4 00       		.byte	0
 961 00a5 0C       		.uleb128 0xc
 962 00a6 898201   		.uleb128 0x4109
 963 00a9 01       		.byte	0x1
 964 00aa 11       		.uleb128 0x11
 965 00ab 01       		.uleb128 0x1
 966 00ac 31       		.uleb128 0x31
 967 00ad 13       		.uleb128 0x13
 968 00ae 00       		.byte	0
 969 00af 00       		.byte	0
 970 00b0 0D       		.uleb128 0xd
 971 00b1 34       		.uleb128 0x34
 972 00b2 00       		.byte	0
 973 00b3 03       		.uleb128 0x3
 974 00b4 0E       		.uleb128 0xe
 975 00b5 3A       		.uleb128 0x3a
 976 00b6 0B       		.uleb128 0xb
 977 00b7 3B       		.uleb128 0x3b
 978 00b8 05       		.uleb128 0x5
 979 00b9 49       		.uleb128 0x49
 980 00ba 13       		.uleb128 0x13
 981 00bb 3F       		.uleb128 0x3f
 982 00bc 19       		.uleb128 0x19
 983 00bd 3C       		.uleb128 0x3c
 984 00be 19       		.uleb128 0x19
 985 00bf 00       		.byte	0
 986 00c0 00       		.byte	0
 987 00c1 0E       		.uleb128 0xe
 988 00c2 35       		.uleb128 0x35
 989 00c3 00       		.byte	0
 990 00c4 49       		.uleb128 0x49
 991 00c5 13       		.uleb128 0x13
 992 00c6 00       		.byte	0
 993 00c7 00       		.byte	0
 994 00c8 0F       		.uleb128 0xf
ARM GAS  C:\Users\HP\AppData\Local\Temp\ccxMkOwq.s 			page 20


 995 00c9 34       		.uleb128 0x34
 996 00ca 00       		.byte	0
 997 00cb 03       		.uleb128 0x3
 998 00cc 0E       		.uleb128 0xe
 999 00cd 3A       		.uleb128 0x3a
 1000 00ce 0B       		.uleb128 0xb
 1001 00cf 3B       		.uleb128 0x3b
 1002 00d0 0B       		.uleb128 0xb
 1003 00d1 49       		.uleb128 0x49
 1004 00d2 13       		.uleb128 0x13
 1005 00d3 3F       		.uleb128 0x3f
 1006 00d4 19       		.uleb128 0x19
 1007 00d5 02       		.uleb128 0x2
 1008 00d6 18       		.uleb128 0x18
 1009 00d7 00       		.byte	0
 1010 00d8 00       		.byte	0
 1011 00d9 10       		.uleb128 0x10
 1012 00da 2E       		.uleb128 0x2e
 1013 00db 00       		.byte	0
 1014 00dc 3F       		.uleb128 0x3f
 1015 00dd 19       		.uleb128 0x19
 1016 00de 3C       		.uleb128 0x3c
 1017 00df 19       		.uleb128 0x19
 1018 00e0 6E       		.uleb128 0x6e
 1019 00e1 0E       		.uleb128 0xe
 1020 00e2 03       		.uleb128 0x3
 1021 00e3 0E       		.uleb128 0xe
 1022 00e4 3A       		.uleb128 0x3a
 1023 00e5 0B       		.uleb128 0xb
 1024 00e6 3B       		.uleb128 0x3b
 1025 00e7 0B       		.uleb128 0xb
 1026 00e8 00       		.byte	0
 1027 00e9 00       		.byte	0
 1028 00ea 00       		.byte	0
 1029              		.section	.debug_aranges,"",%progbits
 1030 0000 24000000 		.4byte	0x24
 1031 0004 0200     		.2byte	0x2
 1032 0006 00000000 		.4byte	.Ldebug_info0
 1033 000a 04       		.byte	0x4
 1034 000b 00       		.byte	0
 1035 000c 0000     		.2byte	0
 1036 000e 0000     		.2byte	0
 1037 0010 00000000 		.4byte	.LFB63
 1038 0014 18000000 		.4byte	.LFE63-.LFB63
 1039 0018 00000000 		.4byte	.LFB64
 1040 001c 88010000 		.4byte	.LFE64-.LFB64
 1041 0020 00000000 		.4byte	0
 1042 0024 00000000 		.4byte	0
 1043              		.section	.debug_ranges,"",%progbits
 1044              	.Ldebug_ranges0:
 1045 0000 00000000 		.4byte	.LFB63
 1046 0004 18000000 		.4byte	.LFE63
 1047 0008 00000000 		.4byte	.LFB64
 1048 000c 88010000 		.4byte	.LFE64
 1049 0010 00000000 		.4byte	0
 1050 0014 00000000 		.4byte	0
 1051              		.section	.debug_line,"",%progbits
ARM GAS  C:\Users\HP\AppData\Local\Temp\ccxMkOwq.s 			page 21


 1052              	.Ldebug_line0:
 1053 0000 C8010000 		.section	.debug_str,"MS",%progbits,1
 1053      02007001 
 1053      00000201 
 1053      FB0E0D00 
 1053      01010101 
 1054              	.LASF6:
 1055 0000 6C6F6E67 		.ascii	"long long int\000"
 1055      206C6F6E 
 1055      6720696E 
 1055      7400
 1056              	.LASF25:
 1057 000e 625F7365 		.ascii	"b_serial\000"
 1057      7269616C 
 1057      00
 1058              	.LASF36:
 1059 0017 696E7465 		.ascii	"interruptUART\000"
 1059      72727570 
 1059      74554152 
 1059      5400
 1060              	.LASF30:
 1061 0025 69737255 		.ascii	"isrUART_StartEx\000"
 1061      4152545F 
 1061      53746172 
 1061      74457800 
 1062              	.LASF9:
 1063 0035 5F5F696E 		.ascii	"__int32_t\000"
 1063      7433325F 
 1063      7400
 1064              	.LASF28:
 1065 003f 53657269 		.ascii	"Serial_PutChar\000"
 1065      616C5F50 
 1065      75744368 
 1065      617200
 1066              	.LASF31:
 1067 004e 53657269 		.ascii	"Serial_Start\000"
 1067      616C5F53 
 1067      74617274 
 1067      00
 1068              	.LASF10:
 1069 005b 696E7433 		.ascii	"int32_t\000"
 1069      325F7400 
 1070              	.LASF11:
 1071 0063 666C6F61 		.ascii	"float\000"
 1071      7400
 1072              	.LASF27:
 1073 0069 53657269 		.ascii	"Serial_GetChar\000"
 1073      616C5F47 
 1073      65744368 
 1073      617200
 1074              	.LASF1:
 1075 0078 756E7369 		.ascii	"unsigned char\000"
 1075      676E6564 
 1075      20636861 
 1075      7200
 1076              	.LASF33:
 1077 0086 474E5520 		.ascii	"GNU C11 5.4.1 20160609 (release) [ARM/embedded-5-br"
ARM GAS  C:\Users\HP\AppData\Local\Temp\ccxMkOwq.s 			page 22


 1077      43313120 
 1077      352E342E 
 1077      31203230 
 1077      31363036 
 1078 00b9 616E6368 		.ascii	"anch revision 237715] -mcpu=cortex-m3 -mthumb -g -O"
 1078      20726576 
 1078      6973696F 
 1078      6E203233 
 1078      37373135 
 1079 00ec 67202D66 		.ascii	"g -ffunction-sections -ffat-lto-objects\000"
 1079      66756E63 
 1079      74696F6E 
 1079      2D736563 
 1079      74696F6E 
 1080              	.LASF5:
 1081 0114 6C6F6E67 		.ascii	"long unsigned int\000"
 1081      20756E73 
 1081      69676E65 
 1081      6420696E 
 1081      7400
 1082              	.LASF3:
 1083 0126 73686F72 		.ascii	"short unsigned int\000"
 1083      7420756E 
 1083      7369676E 
 1083      65642069 
 1083      6E7400
 1084              	.LASF21:
 1085 0139 63657261 		.ascii	"cera\000"
 1085      00
 1086              	.LASF16:
 1087 013e 49544D5F 		.ascii	"ITM_RxBuffer\000"
 1087      52784275 
 1087      66666572 
 1087      00
 1088              	.LASF17:
 1089 014b 62616E64 		.ascii	"bandera\000"
 1089      65726100 
 1090              	.LASF12:
 1091 0153 646F7562 		.ascii	"double\000"
 1091      6C6500
 1092              	.LASF26:
 1093 015a 63617261 		.ascii	"caracter\000"
 1093      63746572 
 1093      00
 1094              	.LASF37:
 1095 0163 6D61696E 		.ascii	"main\000"
 1095      00
 1096              	.LASF35:
 1097 0168 433A5C55 		.ascii	"C:\\Users\\HP\\Desktop\\AlejandroDuran_PF_Instrumen"
 1097      73657273 
 1097      5C48505C 
 1097      4465736B 
 1097      746F705C 
 1098 0197 74616369 		.ascii	"tacionVirtual\\Hardware_Cypress\\Hardware.cydsn\000"
 1098      6F6E5669 
 1098      72747561 
 1098      6C5C4861 
ARM GAS  C:\Users\HP\AppData\Local\Temp\ccxMkOwq.s 			page 23


 1098      72647761 
 1099              	.LASF8:
 1100 01c5 756E7369 		.ascii	"unsigned int\000"
 1100      676E6564 
 1100      20696E74 
 1100      00
 1101              	.LASF7:
 1102 01d2 6C6F6E67 		.ascii	"long long unsigned int\000"
 1102      206C6F6E 
 1102      6720756E 
 1102      7369676E 
 1102      65642069 
 1103              	.LASF0:
 1104 01e9 7369676E 		.ascii	"signed char\000"
 1104      65642063 
 1104      68617200 
 1105              	.LASF19:
 1106 01f5 62617369 		.ascii	"basico\000"
 1106      636F00
 1107              	.LASF29:
 1108 01fc 436F6E74 		.ascii	"Control_Write\000"
 1108      726F6C5F 
 1108      57726974 
 1108      6500
 1109              	.LASF15:
 1110 020a 73697A65 		.ascii	"sizetype\000"
 1110      74797065 
 1110      00
 1111              	.LASF22:
 1112 0213 6D6F746F 		.ascii	"motor\000"
 1112      7200
 1113              	.LASF20:
 1114 0219 74617869 		.ascii	"taxi\000"
 1114      00
 1115              	.LASF34:
 1116 021e 6D61696E 		.ascii	"main.c\000"
 1116      2E6300
 1117              	.LASF13:
 1118 0225 63686172 		.ascii	"char\000"
 1118      00
 1119              	.LASF2:
 1120 022a 73686F72 		.ascii	"short int\000"
 1120      7420696E 
 1120      7400
 1121              	.LASF23:
 1122 0234 746F7461 		.ascii	"total\000"
 1122      6C00
 1123              	.LASF4:
 1124 023a 6C6F6E67 		.ascii	"long int\000"
 1124      20696E74 
 1124      00
 1125              	.LASF14:
 1126 0243 6C6F6E67 		.ascii	"long double\000"
 1126      20646F75 
 1126      626C6500 
 1127              	.LASF24:
 1128 024f 706F7369 		.ascii	"posicion\000"
ARM GAS  C:\Users\HP\AppData\Local\Temp\ccxMkOwq.s 			page 24


 1128      63696F6E 
 1128      00
 1129              	.LASF18:
 1130 0258 5F426F6F 		.ascii	"_Bool\000"
 1130      6C00
 1131              	.LASF32:
 1132 025e 43794465 		.ascii	"CyDelay\000"
 1132      6C617900 
 1133              		.ident	"GCC: (GNU Tools for ARM Embedded Processors) 5.4.1 20160609 (release) [ARM/embedded-5-bran
